[33m❯[39m Building...
[32m✔[39m Building...
[1mInitial chunk files[22m[2m | [22m[1mNames[22m                             [2m | [22m [1mRaw size[22m[2m | [22m[1mEstimated transfer size[22m
[32mmain-OYUKNTU4.js[39m   [2m | [22m[2mmain[22m                              [2m | [22m  [36m2.03 MB[39m[2m | [22m              [36m367.73 kB[39m
[32mchunk-HEXKTJ7O.js[39m  [2m | [22m[2m-[22m                                 [2m | [22m[36m182.50 kB[39m[2m | [22m               [36m40.72 kB[39m
[32mchunk-CEKYKCLZ.js[39m  [2m | [22m[2m-[22m                                 [2m | [22m[36m178.78 kB[39m[2m | [22m               [36m51.90 kB[39m
[32mchunk-HIR2BEL4.js[39m  [2m | [22m[2m-[22m                                 [2m | [22m[36m152.84 kB[39m[2m | [22m               [36m39.03 kB[39m
[32mchunk-4PVVX6AI.js[39m  [2m | [22m[2m-[22m                                 [2m | [22m [36m47.01 kB[39m[2m | [22m                [36m9.45 kB[39m
[32mstyles-4KEKHL3K.css[39m[2m | [22m[2mstyles[22m                            [2m | [22m [36m32.14 kB[39m[2m | [22m                [36m4.12 kB[39m
[32mchunk-E7VN3QN5.js[39m  [2m | [22m[2m-[22m                                 [2m | [22m  [36m9.72 kB[39m[2m | [22m                [36m2.91 kB[39m

[1m [22m                  [2m | [22m[1mInitial total[22m                     [2m | [22m  [1m[91m2.63 MB[39m[22m[2m | [22m              [1m515.85 kB[22m

[1mLazy chunk files[22m   [2m | [22m[1mNames[22m                             [2m | [22m [1mRaw size[22m[2m | [22m[1mEstimated transfer size[22m
[32mchunk-2QLSVZ4J.js[39m  [2m | [22m[2mbrowser[22m                           [2m | [22m [36m67.75 kB[39m[2m | [22m               [36m17.75 kB[39m
[32mchunk-IR32YXEU.js[39m  [2m | [22m[2msubscription-management-component[22m [2m | [22m  [36m7.74 kB[39m[2m | [22m                [36m2.33 kB[39m
[32mchunk-IEYOPCS7.js[39m  [2m | [22m[2madmin-package-management-component[22m[2m | [22m  [36m6.69 kB[39m[2m | [22m                [36m2.28 kB[39m
[32mchunk-VXKWKCS4.js[39m  [2m | [22m[2mterminos-component[22m                [2m | [22m  [36m6.29 kB[39m[2m | [22m                [36m2.38 kB[39m
[32mchunk-P4WSZHAJ.js[39m  [2m | [22m[2mportafolio-component[22m              [2m | [22m  [36m5.43 kB[39m[2m | [22m                [36m1.97 kB[39m
[32mchunk-YJ7ADOIA.js[39m  [2m | [22m[2mprivacidad-component[22m              [2m | [22m  [36m3.05 kB[39m[2m | [22m                [36m1.31 kB[39m

Application bundle generation failed. [14.908 seconds] - 2026-03-07T18:04:18.269Z

[1m[33m[33m▲ [43;33m[[43;30mWARNING[43;33m][0m [1mbundle initial exceeded maximum budget. Budget 1.00 MB was not met by 1.63 MB with a total of 2.63 MB.[0m

[39m[22m
[1m[31m[31mX [41;31m[[41;97mERROR[41;31m][0m [1mbundle initial exceeded maximum budget. Budget 2.00 MB was not met by 628.84 kB with a total of 2.63 MB.[0m

[39m[22m
